<?xml version="1.0" encoding="UTF-8"?>
<!-- Generated by org.testng.reporters.JUnitReportReporter -->
<testsuite skipped="0" hostname="DESKTOP-G2TLUC4" name="com.zzy.Interface.Test_Interface" tests="3" failures="0" timestamp="12 六月 2017 10:31:45 GMT" time="0.783" errors="0">
  <testcase name="test_method" time="0.149" classname="com.zzy.Interface.Test_Interface"/>
  <testcase name="test_method" time="0.003" classname="com.zzy.Interface.Test_Interface"/>
  <testcase name="test_method" time="0.631" classname="com.zzy.Interface.Test_Interface"/>
</testsuite> <!-- com.zzy.Interface.Test_Interface -->
